# JRE version: OpenJDK Runtime Environment (8.0_112-b06) (build 1.8.0_112-release-b06)
# Java VM: OpenJDK 64-Bit Server VM (25.112-b06 mixed mode linux-amd64 compressed oops)
Heap:
 PSYoungGen      total 330240K, used 83511K [0x000000076ab00000, 0x0000000786100000, 0x00000007c0000000)
  eden space 281600K, 22% used [0x000000076ab00000,0x000000076e91e308,0x000000077be00000)
  from space 48640K, 40% used [0x000000077f500000,0x000000078086fac0,0x0000000782480000)
  to   space 56320K, 0% used [0x000000077be00000,0x000000077be00000,0x000000077f500000)
 ParOldGen       total 160768K, used 98819K [0x00000006c0000000, 0x00000006c9d00000, 0x000000076ab00000)
  object space 160768K, 61% used [0x00000006c0000000,0x00000006c6080de8,0x00000006c9d00000)
 Metaspace       used 6868K, capacity 7604K, committed 7808K, reserved 1056768K
  class space    used 611K, capacity 620K, committed 640K, reserved 1048576K
GC Heap History (10 events):
Event: 4.971 GC heap before
{Heap before GC invocations=8 (full 1):
 PSYoungGen      total 140288K, used 15340K [0x000000076ab00000, 0x000000077e000000, 0x00000007c0000000)
  eden space 124928K, 0% used [0x000000076ab00000,0x000000076ab00000,0x0000000772500000)
  from space 15360K, 99% used [0x0000000772500000,0x00000007733fb2a8,0x0000000773400000)
  to   space 33280K, 0% used [0x000000077bf80000,0x000000077bf80000,0x000000077e000000)
 ParOldGen       total 54784K, used 54586K [0x00000006c0000000, 0x00000006c3580000, 0x000000076ab00000)
  object space 54784K, 99% used [0x00000006c0000000,0x00000006c354e908,0x00000006c3580000)
 Metaspace       used 6299K, capacity 7088K, committed 7296K, reserved 1056768K
  class space    used 588K, capacity 616K, committed 640K, reserved 1048576K
Event: 5.215 GC heap after
Heap after GC invocations=8 (full 1):
 PSYoungGen      total 140288K, used 8094K [0x000000076ab00000, 0x000000077e000000, 0x00000007c0000000)
  eden space 124928K, 0% used [0x000000076ab00000,0x000000076ab00000,0x0000000772500000)
  from space 15360K, 52% used [0x0000000772500000,0x0000000772ce79d8,0x0000000773400000)
  to   space 33280K, 0% used [0x000000077bf80000,0x000000077bf80000,0x000000077e000000)
 ParOldGen       total 99328K, used 54540K [0x00000006c0000000, 0x00000006c6100000, 0x000000076ab00000)
  object space 99328K, 54% used [0x00000006c0000000,0x00000006c3543278,0x00000006c6100000)
 Metaspace       used 6299K, capacity 7088K, committed 7296K, reserved 1056768K
  class space    used 588K, capacity 616K, committed 640K, reserved 1048576K
}
Event: 5.669 GC heap before
{Heap before GC invocations=9 (full 1):
 PSYoungGen      total 140288K, used 133022K [0x000000076ab00000, 0x000000077e000000, 0x00000007c0000000)
  eden space 124928K, 100% used [0x000000076ab00000,0x0000000772500000,0x0000000772500000)
  from space 15360K, 52% used [0x0000000772500000,0x0000000772ce79d8,0x0000000773400000)
  to   space 33280K, 0% used [0x000000077bf80000,0x000000077bf80000,0x000000077e000000)
 ParOldGen       total 99328K, used 54540K [0x00000006c0000000, 0x00000006c6100000, 0x000000076ab00000)
  object space 99328K, 54% used [0x00000006c0000000,0x00000006c3543278,0x00000006c6100000)
 Metaspace       used 6346K, capacity 7152K, committed 7296K, reserved 1056768K
  class space    used 588K, capacity 616K, committed 640K, reserved 1048576K
Event: 5.720 GC heap after
Heap after GC invocations=9 (full 1):
 PSYoungGen      total 231424K, used 25394K [0x000000076ab00000, 0x000000077d880000, 0x00000007c0000000)
  eden space 205824K, 0% used [0x000000076ab00000,0x000000076ab00000,0x0000000777400000)
  from space 25600K, 99% used [0x000000077bf80000,0x000000077d84cbb8,0x000000077d880000)
  to   space 36352K, 0% used [0x0000000779180000,0x0000000779180000,0x000000077b500000)
 ParOldGen       total 99328K, used 54588K [0x00000006c0000000, 0x00000006c6100000, 0x000000076ab00000)
  object space 99328K, 54% used [0x00000006c0000000,0x00000006c354f278,0x00000006c6100000)
 Metaspace       used 6346K, capacity 7152K, committed 7296K, reserved 1056768K
  class space    used 588K, capacity 616K, committed 640K, reserved 1048576K
}
Event: 6.265 GC heap before
{Heap before GC invocations=10 (full 1):
 PSYoungGen      total 231424K, used 231218K [0x000000076ab00000, 0x000000077d880000, 0x00000007c0000000)
  eden space 205824K, 100% used [0x000000076ab00000,0x0000000777400000,0x0000000777400000)
  from space 25600K, 99% used [0x000000077bf80000,0x000000077d84cbb8,0x000000077d880000)
  to   space 36352K, 0% used [0x0000000779180000,0x0000000779180000,0x000000077b500000)
 ParOldGen       total 99328K, used 54588K [0x00000006c0000000, 0x00000006c6100000, 0x000000076ab00000)
  object space 99328K, 54% used [0x00000006c0000000,0x00000006c354f278,0x00000006c6100000)
 Metaspace       used 6395K, capacity 7152K, committed 7296K, reserved 1056768K
  class space    used 588K, capacity 616K, committed 640K, reserved 1048576K
Event: 6.344 GC heap after
Heap after GC invocations=10 (full 1):
 PSYoungGen      total 272384K, used 36335K [0x000000076ab00000, 0x0000000782480000, 0x00000007c0000000)
  eden space 236032K, 0% used [0x000000076ab00000,0x000000076ab00000,0x0000000779180000)
  from space 36352K, 99% used [0x0000000779180000,0x000000077b4fbd38,0x000000077b500000)
  to   space 48640K, 0% used [0x000000077f500000,0x000000077f500000,0x0000000782480000)
 ParOldGen       total 99328K, used 69225K [0x00000006c0000000, 0x00000006c6100000, 0x000000076ab00000)
  object space 99328K, 69% used [0x00000006c0000000,0x00000006c439a498,0x00000006c6100000)
 Metaspace       used 6395K, capacity 7152K, committed 7296K, reserved 1056768K
  class space    used 588K, capacity 616K, committed 640K, reserved 1048576K
}
Event: 6.947 GC heap before
{Heap before GC invocations=11 (full 1):
 PSYoungGen      total 272384K, used 272367K [0x000000076ab00000, 0x0000000782480000, 0x00000007c0000000)
  eden space 236032K, 100% used [0x000000076ab00000,0x0000000779180000,0x0000000779180000)
  from space 36352K, 99% used [0x0000000779180000,0x000000077b4fbd38,0x000000077b500000)
  to   space 48640K, 0% used [0x000000077f500000,0x000000077f500000,0x0000000782480000)
 ParOldGen       total 99328K, used 69225K [0x00000006c0000000, 0x00000006c6100000, 0x000000076ab00000)
  object space 99328K, 69% used [0x00000006c0000000,0x00000006c439a498,0x00000006c6100000)
 Metaspace       used 6429K, capacity 7216K, committed 7296K, reserved 1056768K
  class space    used 590K, capacity 616K, committed 640K, reserved 1048576K
Event: 7.058 GC heap after
Heap after GC invocations=11 (full 1):
 PSYoungGen      total 330240K, used 46748K [0x000000076ab00000, 0x0000000786100000, 0x00000007c0000000)
  eden space 281600K, 0% used [0x000000076ab00000,0x000000076ab00000,0x000000077be00000)
  from space 48640K, 96% used [0x000000077f500000,0x00000007822a7310,0x0000000782480000)
  to   space 56320K, 0% used [0x000000077be00000,0x000000077be00000,0x000000077f500000)
 ParOldGen       total 99328K, used 90726K [0x00000006c0000000, 0x00000006c6100000, 0x000000076ab00000)
  object space 99328K, 91% used [0x00000006c0000000,0x00000006c5899940,0x00000006c6100000)
 Metaspace       used 6429K, capacity 7216K, committed 7296K, reserved 1056768K
  class space    used 590K, capacity 616K, committed 640K, reserved 1048576K
}
Event: 7.058 GC heap before
{Heap before GC invocations=12 (full 2):
 PSYoungGen      total 330240K, used 46748K [0x000000076ab00000, 0x0000000786100000, 0x00000007c0000000)
  eden space 281600K, 0% used [0x000000076ab00000,0x000000076ab00000,0x000000077be00000)
  from space 48640K, 96% used [0x000000077f500000,0x00000007822a7310,0x0000000782480000)
  to   space 56320K, 0% used [0x000000077be00000,0x000000077be00000,0x000000077f500000)
 ParOldGen       total 99328K, used 90726K [0x00000006c0000000, 0x00000006c6100000, 0x000000076ab00000)
  object space 99328K, 91% used [0x00000006c0000000,0x00000006c5899940,0x00000006c6100000)
 Metaspace       used 6429K, capacity 7216K, committed 7296K, reserved 1056768K
  class space    used 590K, capacity 616K, committed 640K, reserved 1048576K
Event: 7.718 GC heap after
Heap after GC invocations=12 (full 2):
 PSYoungGen      total 330240K, used 19902K [0x000000076ab00000, 0x0000000786100000, 0x00000007c0000000)
  eden space 281600K, 0% used [0x000000076ab00000,0x000000076ab00000,0x000000077be00000)
  from space 48640K, 40% used [0x000000077f500000,0x000000078086fac0,0x0000000782480000)
  to   space 56320K, 0% used [0x000000077be00000,0x000000077be00000,0x000000077f500000)
 ParOldGen       total 160768K, used 98819K [0x00000006c0000000, 0x00000006c9d00000, 0x000000076ab00000)
  object space 160768K, 61% used [0x00000006c0000000,0x00000006c6080de8,0x00000006c9d00000)
 Metaspace       used 6429K, capacity 7216K, committed 7296K, reserved 1056768K
  class space    used 590K, capacity 616K, committed 640K, reserved 1048576K
}

